wear/build/intermediates/manifest_merge_blame_file/release/manifest-merger-blame-release-report.txt
1<?xml version="1.0" encoding="utf-8"?>
2<manifest xmlns:android="http://schemas.android.com/apk/res/android"
3    package="com.example.dhlwear.wear"
4    android:versionCode="1"
5    android:versionName="1.0" >
6
7    <uses-sdk
8        android:minSdkVersion="30"
9        android:targetSdkVersion="34" />
10
11    <uses-permission android:name="android.permission.WAKE_LOCK" />
11-->src\main\AndroidManifest.xml:4:5-68
11-->src\main\AndroidManifest.xml:4:22-65
12    <uses-permission android:name="android.permission.BODY_SENSORS" />
12-->src\main\AndroidManifest.xml:5:5-71
12-->src\main\AndroidManifest.xml:5:22-68
13    <uses-permission android:name="android.permission.ACTIVITY_RECOGNITION" />
13-->src\main\AndroidManifest.xml:6:5-79
13-->src\main\AndroidManifest.xml:6:22-76
14    <uses-permission android:name="android.permission.BLUETOOTH" />
14-->src\main\AndroidManifest.xml:7:5-68
14-->src\main\AndroidManifest.xml:7:22-65
15    <uses-permission android:name="android.permission.BLUETOOTH_CONNECT" />
15-->src\main\AndroidManifest.xml:8:5-76
15-->src\main\AndroidManifest.xml:8:22-73
16    <uses-permission android:name="android.permission.BLUETOOTH_ADMIN" />
16-->src\main\AndroidManifest.xml:9:5-74
16-->src\main\AndroidManifest.xml:9:22-71
17
18    <!-- Especificar que esta aplicación es para Wear OS -->
19    <uses-feature android:name="android.hardware.type.watch" />
19-->src\main\AndroidManifest.xml:12:5-64
19-->src\main\AndroidManifest.xml:12:19-61
20
21    <queries>
21-->[androidx.health:health-services-client:1.0.0-beta03] AndroidManifest.xml:19:5-21:15
22        <package android:name="com.google.android.wearable.healthservices" />
22-->[androidx.health:health-services-client:1.0.0-beta03] AndroidManifest.xml:20:9-78
22-->[androidx.health:health-services-client:1.0.0-beta03] AndroidManifest.xml:20:18-75
23    </queries>
24
25    <permission
25-->[androidx.core:core:1.12.0] AndroidManifest.xml:22:5-24:47
26        android:name="com.example.dhlwear.wear.DYNAMIC_RECEIVER_NOT_EXPORTED_PERMISSION"
26-->[androidx.core:core:1.12.0] AndroidManifest.xml:23:9-81
27        android:protectionLevel="signature" />
27-->[androidx.core:core:1.12.0] AndroidManifest.xml:24:9-44
28
29    <uses-permission android:name="com.example.dhlwear.wear.DYNAMIC_RECEIVER_NOT_EXPORTED_PERMISSION" />
29-->[androidx.core:core:1.12.0] AndroidManifest.xml:26:5-97
29-->[androidx.core:core:1.12.0] AndroidManifest.xml:26:22-94
30
31    <application
31-->src\main\AndroidManifest.xml:14:5-56:19
32        android:allowBackup="true"
32-->src\main\AndroidManifest.xml:15:9-35
33        android:appComponentFactory="androidx.core.app.CoreComponentFactory"
33-->[androidx.core:core:1.12.0] AndroidManifest.xml:28:18-86
34        android:extractNativeLibs="false"
35        android:icon="@mipmap/ic_launcher"
35-->src\main\AndroidManifest.xml:16:9-43
36        android:label="@string/app_name"
36-->src\main\AndroidManifest.xml:17:9-41
37        android:roundIcon="@mipmap/ic_launcher_round"
37-->src\main\AndroidManifest.xml:18:9-54
38        android:supportsRtl="true"
38-->src\main\AndroidManifest.xml:19:9-35
39        android:theme="@style/Theme.DHLWEAR" >
39-->src\main\AndroidManifest.xml:20:9-45
40        <uses-library
40-->src\main\AndroidManifest.xml:22:9-24:39
41            android:name="com.google.android.wearable"
41-->src\main\AndroidManifest.xml:23:13-55
42            android:required="true" />
42-->src\main\AndroidManifest.xml:24:13-36
43
44        <!-- Especificar que esta aplicación funciona con dispositivos emparejados -->
45        <meta-data
45-->src\main\AndroidManifest.xml:27:9-29:37
46            android:name="com.google.android.wearable.standalone"
46-->src\main\AndroidManifest.xml:28:13-66
47            android:value="false" />
47-->src\main\AndroidManifest.xml:29:13-34
48
49        <activity
49-->src\main\AndroidManifest.xml:31:9-39:20
50            android:name="com.example.dhlwear.wear.MainActivity"
50-->src\main\AndroidManifest.xml:32:13-41
51            android:exported="true"
51-->src\main\AndroidManifest.xml:33:13-36
52            android:label="@string/app_name" >
52-->src\main\AndroidManifest.xml:34:13-45
53            <intent-filter>
53-->src\main\AndroidManifest.xml:35:13-38:29
54                <action android:name="android.intent.action.MAIN" />
54-->src\main\AndroidManifest.xml:36:17-69
54-->src\main\AndroidManifest.xml:36:25-66
55
56                <category android:name="android.intent.category.LAUNCHER" />
56-->src\main\AndroidManifest.xml:37:17-77
56-->src\main\AndroidManifest.xml:37:27-74
57            </intent-filter>
58        </activity>
59
60        <!-- Servicio para manejar la comunicación con el teléfono -->
61        <service
61-->src\main\AndroidManifest.xml:42:9-50:19
62            android:name="com.example.dhlwear.wear.services.WearableListenerService"
62-->src\main\AndroidManifest.xml:43:13-61
63            android:exported="true" >
63-->src\main\AndroidManifest.xml:44:13-36
64            <intent-filter>
64-->src\main\AndroidManifest.xml:45:13-49:29
65                <action android:name="com.google.android.gms.wearable.DATA_CHANGED" />
65-->src\main\AndroidManifest.xml:46:17-87
65-->src\main\AndroidManifest.xml:46:25-84
66                <action android:name="com.google.android.gms.wearable.MESSAGE_RECEIVED" />
66-->src\main\AndroidManifest.xml:47:17-91
66-->src\main\AndroidManifest.xml:47:25-88
67
68                <data
68-->src\main\AndroidManifest.xml:48:17-94
69                    android:host="*"
69-->src\main\AndroidManifest.xml:48:45-61
70                    android:pathPrefix="/dhlwear"
70-->src\main\AndroidManifest.xml:48:62-91
71                    android:scheme="wear" />
71-->src\main\AndroidManifest.xml:48:23-44
72            </intent-filter>
73        </service>
74
75        <!-- Servicio para detectar gestos con sensores -->
76        <service
76-->src\main\AndroidManifest.xml:53:9-55:40
77            android:name="com.example.dhlwear.wear.services.SensorService"
77-->src\main\AndroidManifest.xml:54:13-51
78            android:exported="false" />
78-->src\main\AndroidManifest.xml:55:13-37
79        <service
79-->[androidx.health:health-services-client:1.0.0-beta03] AndroidManifest.xml:24:9-31:19
80            android:name="androidx.health.services.client.VersionApiService"
80-->[androidx.health:health-services-client:1.0.0-beta03] AndroidManifest.xml:25:13-77
81            android:exported="true"
81-->[androidx.health:health-services-client:1.0.0-beta03] AndroidManifest.xml:26:13-36
82            android:permission="com.google.android.wearable.healthservices.permission.PASSIVE_DATA_BINDING" >
82-->[androidx.health:health-services-client:1.0.0-beta03] AndroidManifest.xml:27:13-108
83            <intent-filter>
83-->[androidx.health:health-services-client:1.0.0-beta03] AndroidManifest.xml:28:13-30:29
84                <action android:name="hs.versionclient.BIND" />
84-->[androidx.health:health-services-client:1.0.0-beta03] AndroidManifest.xml:29:17-64
84-->[androidx.health:health-services-client:1.0.0-beta03] AndroidManifest.xml:29:25-61
85            </intent-filter>
86        </service>
87
88        <activity
88-->[com.google.android.gms:play-services-base:18.0.1] AndroidManifest.xml:20:9-22:45
89            android:name="com.google.android.gms.common.api.GoogleApiActivity"
89-->[com.google.android.gms:play-services-base:18.0.1] AndroidManifest.xml:20:19-85
90            android:exported="false"
90-->[com.google.android.gms:play-services-base:18.0.1] AndroidManifest.xml:22:19-43
91            android:theme="@android:style/Theme.Translucent.NoTitleBar" />
91-->[com.google.android.gms:play-services-base:18.0.1] AndroidManifest.xml:21:19-78
92
93        <meta-data
93-->[com.google.android.gms:play-services-basement:18.0.0] AndroidManifest.xml:21:9-23:69
94            android:name="com.google.android.gms.version"
94-->[com.google.android.gms:play-services-basement:18.0.0] AndroidManifest.xml:22:13-58
95            android:value="@integer/google_play_services_version" />
95-->[com.google.android.gms:play-services-basement:18.0.0] AndroidManifest.xml:23:13-66
96
97        <provider
97-->[androidx.emoji2:emoji2:1.4.0] AndroidManifest.xml:24:9-32:20
98            android:name="androidx.startup.InitializationProvider"
98-->[androidx.emoji2:emoji2:1.4.0] AndroidManifest.xml:25:13-67
99            android:authorities="com.example.dhlwear.wear.androidx-startup"
99-->[androidx.emoji2:emoji2:1.4.0] AndroidManifest.xml:26:13-68
100            android:exported="false" >
100-->[androidx.emoji2:emoji2:1.4.0] AndroidManifest.xml:27:13-37
101            <meta-data
101-->[androidx.emoji2:emoji2:1.4.0] AndroidManifest.xml:29:13-31:52
102                android:name="androidx.emoji2.text.EmojiCompatInitializer"
102-->[androidx.emoji2:emoji2:1.4.0] AndroidManifest.xml:30:17-75
103                android:value="androidx.startup" />
103-->[androidx.emoji2:emoji2:1.4.0] AndroidManifest.xml:31:17-49
104            <meta-data
104-->[androidx.lifecycle:lifecycle-process:2.6.2] AndroidManifest.xml:29:13-31:52
105                android:name="androidx.lifecycle.ProcessLifecycleInitializer"
105-->[androidx.lifecycle:lifecycle-process:2.6.2] AndroidManifest.xml:30:17-78
106                android:value="androidx.startup" />
106-->[androidx.lifecycle:lifecycle-process:2.6.2] AndroidManifest.xml:31:17-49
107            <meta-data
107-->[androidx.profileinstaller:profileinstaller:1.3.0] AndroidManifest.xml:29:13-31:52
108                android:name="androidx.profileinstaller.ProfileInstallerInitializer"
108-->[androidx.profileinstaller:profileinstaller:1.3.0] AndroidManifest.xml:30:17-85
109                android:value="androidx.startup" />
109-->[androidx.profileinstaller:profileinstaller:1.3.0] AndroidManifest.xml:31:17-49
110        </provider>
111
112        <receiver
112-->[androidx.profileinstaller:profileinstaller:1.3.0] AndroidManifest.xml:34:9-52:20
113            android:name="androidx.profileinstaller.ProfileInstallReceiver"
113-->[androidx.profileinstaller:profileinstaller:1.3.0] AndroidManifest.xml:35:13-76
114            android:directBootAware="false"
114-->[androidx.profileinstaller:profileinstaller:1.3.0] AndroidManifest.xml:36:13-44
115            android:enabled="true"
115-->[androidx.profileinstaller:profileinstaller:1.3.0] AndroidManifest.xml:37:13-35
116            android:exported="true"
116-->[androidx.profileinstaller:profileinstaller:1.3.0] AndroidManifest.xml:38:13-36
117            android:permission="android.permission.DUMP" >
117-->[androidx.profileinstaller:profileinstaller:1.3.0] AndroidManifest.xml:39:13-57
118            <intent-filter>
118-->[androidx.profileinstaller:profileinstaller:1.3.0] AndroidManifest.xml:40:13-42:29
119                <action android:name="androidx.profileinstaller.action.INSTALL_PROFILE" />
119-->[androidx.profileinstaller:profileinstaller:1.3.0] AndroidManifest.xml:41:17-91
119-->[androidx.profileinstaller:profileinstaller:1.3.0] AndroidManifest.xml:41:25-88
120            </intent-filter>
121            <intent-filter>
121-->[androidx.profileinstaller:profileinstaller:1.3.0] AndroidManifest.xml:43:13-45:29
122                <action android:name="androidx.profileinstaller.action.SKIP_FILE" />
122-->[androidx.profileinstaller:profileinstaller:1.3.0] AndroidManifest.xml:44:17-85
122-->[androidx.profileinstaller:profileinstaller:1.3.0] AndroidManifest.xml:44:25-82
123            </intent-filter>
124            <intent-filter>
124-->[androidx.profileinstaller:profileinstaller:1.3.0] AndroidManifest.xml:46:13-48:29
125                <action android:name="androidx.profileinstaller.action.SAVE_PROFILE" />
125-->[androidx.profileinstaller:profileinstaller:1.3.0] AndroidManifest.xml:47:17-88
125-->[androidx.profileinstaller:profileinstaller:1.3.0] AndroidManifest.xml:47:25-85
126            </intent-filter>
127            <intent-filter>
127-->[androidx.profileinstaller:profileinstaller:1.3.0] AndroidManifest.xml:49:13-51:29
128                <action android:name="androidx.profileinstaller.action.BENCHMARK_OPERATION" />
128-->[androidx.profileinstaller:profileinstaller:1.3.0] AndroidManifest.xml:50:17-95
128-->[androidx.profileinstaller:profileinstaller:1.3.0] AndroidManifest.xml:50:25-92
129            </intent-filter>
130        </receiver>
131    </application>
132
133</manifest>